<?xml version="1.0" encoding="UTF-8"?>
<testng-results skipped="0" failed="0" total="1" passed="1">
  <reporter-output>
  </reporter-output>
  <suite name="Default suite" duration-ms="5280" started-at="2016-12-05T07:50:52Z" finished-at="2016-12-05T07:50:58Z">
    <groups>
    </groups>
    <test name="Default test" duration-ms="5280" started-at="2016-12-05T07:50:52Z" finished-at="2016-12-05T07:50:58Z">
      <class name="com.gurukula.testsuite.TestCases">
        <test-method status="PASS" signature="setup()[pri:0, instance:com.gurukula.testsuite.TestCases@28d25987]" name="setup" is-config="true" duration-ms="3954" started-at="2016-12-04T23:50:48Z" finished-at="2016-12-04T23:50:52Z">
          <reporter-output>
          </reporter-output>
        </test-method> <!-- setup -->
        <test-method status="PASS" signature="verifyAllFieldsOnLoginPage()[pri:0, instance:com.gurukula.testsuite.TestCases@28d25987]" name="verifyAllFieldsOnLoginPage" duration-ms="5263" started-at="2016-12-04T23:50:52Z" finished-at="2016-12-04T23:50:57Z">
          <reporter-output>
          </reporter-output>
        </test-method> <!-- verifyAllFieldsOnLoginPage -->
        <test-method status="PASS" signature="tearDown()[pri:0, instance:com.gurukula.testsuite.TestCases@28d25987]" name="tearDown" is-config="true" duration-ms="1170" started-at="2016-12-04T23:50:58Z" finished-at="2016-12-04T23:50:59Z">
          <reporter-output>
          </reporter-output>
        </test-method> <!-- tearDown -->
      </class> <!-- com.gurukula.testsuite.TestCases -->
    </test> <!-- Default test -->
  </suite> <!-- Default suite -->
</testng-results>
